<?xml version="1.0" encoding="UTF-8"?>
<!-- Generated by org.testng.reporters.JUnitReportReporter -->
<testsuite skipped="0" hostname="DESKTOP-H2M3TG4" name="app.suites.PurchaseProducts" tests="1" failures="0" timestamp="04 Sep 2020 14:57:32 GMT" time="24.644" errors="0">
  <testcase name="purchaseLaptop" time="24.644" classname="app.suites.PurchaseProducts"/>
</testsuite> <!-- app.suites.PurchaseProducts -->
